Aug17/17:11:38/makerbot/INFO: Established log: C:\Users\lmf1\Documents\GitHub\shearCellTensiometry\logs\fileHandling_makerbot.log
Aug17/17:21:16/makerbot/INFO: Determining baseline
Aug17/17:21:16/makerbot/ERROR: Error during baselineDroplets: 'dropletTracker' object has no attribute 'relabeledDroplets'
Aug17/17:28:07/makerbot/INFO: Determining baseline
Aug17/17:28:07/makerbot/ERROR: Error during baselineDroplets: 'dropletTracker' object has no attribute 'relabeledDroplets'
Aug17/17:29:08/makerbot/INFO: Determining baseline
Aug17/17:29:08/makerbot/INFO: Splitting times
Sep16/10:09:30/makerbot/INFO: Established log: C:\Users\lmf1\Documents\GitHub\shearCellTensiometry\logs\fileHandling_makerbot.log
Sep16/10:11:56/makerbot/INFO: Determining baseline
Sep16/10:11:56/makerbot/INFO: Splitting times
Sep16/10:14:33/makerbot/INFO: Loaded file C:/Users/lmf1/OneDriveNIST/NIST/data/material properties/surface tension/shear cell\steady\M4S_2.75T\M4S_2.75T_20210616_111445244\droplets_M4S_2.75T_20210616_111445244.csv
Sep16/10:14:33/makerbot/INFO: Determining baseline
Sep16/10:14:33/makerbot/INFO: Splitting times
Sep16/10:14:33/makerbot/INFO: Loaded file C:/Users/lmf1/OneDriveNIST/NIST/data/material properties/surface tension/shear cell\steady\M4S_2.75T\M4S_2.75T_20210616_111445244\summary_M4S_2.75T_20210616_111445244.csv
Sep16/10:14:33/makerbot/INFO: Loaded file C:/Users/lmf1/OneDriveNIST/NIST/data/material properties/surface tension/shear cell\steady\M4S_2.75T\M4S_2.75T_20210616_111445244\relax_M4S_2.75T_20210616_111445244.csv
Sep16/10:22:15/makerbot/INFO: Droplet: {'name': 'M4S', 'base': 'mineral oil', 'rheModifier': 'fumed silica', 'surfactant': 'Span 20', 'rheWt': 4.0, 'tau0': 0.18871, 'k': 0.640731304, 'n': 0.511230738, 'eta0': 2.35373}
Sep16/10:22:15/makerbot/INFO: Matrix: {'name': '2.75T', 'base': 'water', 'rheModifier': 'Laponite RD', 'surfactant': 'Tween 80', 'rheWt': 2.75, 'tau0': 0.183228, 'k': 4.295523102, 'n': 0.153900242, 'eta0': 3.22334}
Sep16/10:22:15/makerbot/INFO: Profile:

Sep16/10:22:15/makerbot/INFO: Videos: ['Basler acA2040-90uc (21726010)_20210616_111445244.mp4', 'Basler acA2040-90uc (21726010)_20210616_111609094.mp4', 'Basler acA2040-90uc (21726010)_20210616_111705954.mp4', 'Basler acA2040-90uc (21726010)_20210616_111800702.mp4', 'Basler acA2040-90uc (21726010)_20210616_111855529.mp4', 'Basler acA2040-90uc (21726010)_20210616_112000586.mp4']
Sep16/10:22:30/makerbot/INFO: Droplet: {'name': 'M4S', 'base': 'mineral oil', 'rheModifier': 'fumed silica', 'surfactant': 'Span 20', 'rheWt': 4.0, 'tau0': 0.18871, 'k': 0.640731304, 'n': 0.511230738, 'eta0': 2.35373}
Sep16/10:22:30/makerbot/INFO: Matrix: {'name': '2.75T', 'base': 'water', 'rheModifier': 'Laponite RD', 'surfactant': 'Tween 80', 'rheWt': 2.75, 'tau0': 0.183228, 'k': 4.295523102, 'n': 0.153900242, 'eta0': 3.22334}
Sep16/10:22:30/makerbot/INFO: Profile:

Sep16/10:22:30/makerbot/INFO:     mode  gap strain rate freq direction time
0   stdy  500    n/a    1  n/a        cw    8
1   stdy  500    n/a    2  n/a       acw    6
2   stdy  500    n/a    3  n/a        cw    4
3   stdy  500    n/a    4  n/a       acw    3
4   stdy  500    n/a    5  n/a        cw    2
5   stdy  500    n/a    6  n/a       acw    2
6   stdy  500    n/a    8  n/a        cw    2
7   stdy  500    n/a   10  n/a       acw    2
8   stdy  500    n/a   12  n/a        cw    2
9   stdy  500    n/a   16  n/a       acw    1
10  stdy  500    n/a   20  n/a        cw    1
11  stdy  500    n/a   30  n/a       acw    1
12  stdy  500    n/a   40  n/a        cw    1
13  stdy  500    n/a   50  n/a       acw    1
Sep16/10:22:30/makerbot/INFO: Videos: ['Basler acA2040-90uc (21726010)_20210616_111445244.mp4', 'Basler acA2040-90uc (21726010)_20210616_111609094.mp4', 'Basler acA2040-90uc (21726010)_20210616_111705954.mp4', 'Basler acA2040-90uc (21726010)_20210616_111800702.mp4', 'Basler acA2040-90uc (21726010)_20210616_111855529.mp4', 'Basler acA2040-90uc (21726010)_20210616_112000586.mp4']
Sep16/10:22:49/makerbot/INFO: Droplet: {'name': 'M4S', 'base': 'mineral oil', 'rheModifier': 'fumed silica', 'surfactant': 'Span 20', 'rheWt': 4.0, 'tau0': 0.18871, 'k': 0.640731304, 'n': 0.511230738, 'eta0': 2.35373}
Sep16/10:22:49/makerbot/INFO: Matrix: {'name': '2.75T', 'base': 'water', 'rheModifier': 'Laponite RD', 'surfactant': 'Tween 80', 'rheWt': 2.75, 'tau0': 0.183228, 'k': 4.295523102, 'n': 0.153900242, 'eta0': 3.22334}
Sep16/10:22:49/makerbot/INFO: Profile:

Sep16/10:22:49/makerbot/INFO: 
{self.profile.table}
Sep16/10:22:49/makerbot/INFO: Videos: ['Basler acA2040-90uc (21726010)_20210616_111445244.mp4', 'Basler acA2040-90uc (21726010)_20210616_111609094.mp4', 'Basler acA2040-90uc (21726010)_20210616_111705954.mp4', 'Basler acA2040-90uc (21726010)_20210616_111800702.mp4', 'Basler acA2040-90uc (21726010)_20210616_111855529.mp4', 'Basler acA2040-90uc (21726010)_20210616_112000586.mp4']
Sep16/10:22:58/makerbot/INFO: Droplet: {'name': 'M4S', 'base': 'mineral oil', 'rheModifier': 'fumed silica', 'surfactant': 'Span 20', 'rheWt': 4.0, 'tau0': 0.18871, 'k': 0.640731304, 'n': 0.511230738, 'eta0': 2.35373}
Sep16/10:22:58/makerbot/INFO: Matrix: {'name': '2.75T', 'base': 'water', 'rheModifier': 'Laponite RD', 'surfactant': 'Tween 80', 'rheWt': 2.75, 'tau0': 0.183228, 'k': 4.295523102, 'n': 0.153900242, 'eta0': 3.22334}
Sep16/10:22:58/makerbot/INFO: Profile:
    mode  gap strain rate freq direction time
0   stdy  500    n/a    1  n/a        cw    8
1   stdy  500    n/a    2  n/a       acw    6
2   stdy  500    n/a    3  n/a        cw    4
3   stdy  500    n/a    4  n/a       acw    3
4   stdy  500    n/a    5  n/a        cw    2
5   stdy  500    n/a    6  n/a       acw    2
6   stdy  500    n/a    8  n/a        cw    2
7   stdy  500    n/a   10  n/a       acw    2
8   stdy  500    n/a   12  n/a        cw    2
9   stdy  500    n/a   16  n/a       acw    1
10  stdy  500    n/a   20  n/a        cw    1
11  stdy  500    n/a   30  n/a       acw    1
12  stdy  500    n/a   40  n/a        cw    1
13  stdy  500    n/a   50  n/a       acw    1
Sep16/10:22:58/makerbot/INFO: Videos: ['Basler acA2040-90uc (21726010)_20210616_111445244.mp4', 'Basler acA2040-90uc (21726010)_20210616_111609094.mp4', 'Basler acA2040-90uc (21726010)_20210616_111705954.mp4', 'Basler acA2040-90uc (21726010)_20210616_111800702.mp4', 'Basler acA2040-90uc (21726010)_20210616_111855529.mp4', 'Basler acA2040-90uc (21726010)_20210616_112000586.mp4']
Sep16/10:39:30/makerbot/INFO: Analyzing frame 984/985, [1129]
Sep16/10:39:44/makerbot/INFO: Analyzing frame 983/985, [1129]
Sep16/10:40:03/makerbot/INFO: Analyzing frame 982/985, [1129]
Sep16/10:40:40/makerbot/WARNING: No handles with labels found to put in legend.
